[Licensing::Module] Trying to connect to existing licensing client channel...
Built from '6000.0/staging' branch; Version is '6000.0.62f1 (f99f05b3e950) revision 16359173'; Using compiler version '193933523'; Build Type 'Release'
[Licensing::IpcConnector] Successfully connected to: "LicenseClient-glongfil" at "2025-11-05T16:11:33.2879981Z"
OS: 'Windows 11  (10.0.26200) 64bit Professional' Language: 'fr' Physical Memory: 32189 MB
BatchMode: 1, IsHumanControllingUs: 0, StartBugReporterOnCrash: 0, Is64bit: 1
Date: 2025-11-05T16:11:33Z

COMMAND LINE ARGUMENTS:
C:\Program Files\Unity\Hub\Editor\6000.0.62f1\Editor\Unity.exe
-adb2
-batchMode
-noUpm
-name
AssetImportWorker1
-projectPath
C:/Users/glongfil/My project
-logFile
Logs/AssetImportWorker1.log
-srvPort
64522
-licensingIpc
LicenseClient-glongfil
-job-worker-count
11
-background-job-worker-count
8
-gc-helper-count
1
-name
AssetImport
Successfully changed project path to: C:/Users/glongfil/My project
C:/Users/glongfil/My project
[UnityMemory] Configuration Parameters - Can be set up in boot.config
    "memorysetup-bucket-allocator-granularity=16"
    "memorysetup-bucket-allocator-bucket-count=8"
    "memorysetup-bucket-allocator-block-size=33554432"
    "memorysetup-bucket-allocator-block-count=8"
    "memorysetup-main-allocator-block-size=16777216"
    "memorysetup-thread-allocator-block-size=16777216"
    "memorysetup-gfx-main-allocator-block-size=16777216"
    "memorysetup-gfx-thread-allocator-block-size=16777216"
    "memorysetup-cache-allocator-block-size=4194304"
    "memorysetup-typetree-allocator-block-size=2097152"
    "memorysetup-profiler-bucket-allocator-granularity=16"
    "memorysetup-profiler-bucket-allocator-bucket-count=8"
    "memorysetup-profiler-bucket-allocator-block-size=33554432"
    "memorysetup-profiler-bucket-allocator-block-count=8"
    "memorysetup-profiler-allocator-block-size=16777216"
    "memorysetup-profiler-editor-allocator-block-size=1048576"
    "memorysetup-temp-allocator-size-main=16777216"
    "memorysetup-job-temp-allocator-block-size=2097152"
    "memorysetup-job-temp-allocator-block-size-background=1048576"
    "memorysetup-job-temp-allocator-reduction-small-platforms=262144"
    "memorysetup-allocator-temp-initial-block-size-main=262144"
    "memorysetup-allocator-temp-initial-block-size-worker=262144"
    "memorysetup-temp-allocator-size-background-worker=32768"
    "memorysetup-temp-allocator-size-job-worker=262144"
    "memorysetup-temp-allocator-size-preload-manager=33554432"
    "memorysetup-temp-allocator-size-nav-mesh-worker=65536"
    "memorysetup-temp-allocator-size-audio-worker=65536"
    "memorysetup-temp-allocator-size-cloud-worker=32768"
    "memorysetup-temp-allocator-size-gi-baking-worker=262144"
    "memorysetup-temp-allocator-size-gi-baking-worker=262144"
    "memorysetup-temp-allocator-size-gi-baking-worker=262144"
    "memorysetup-temp-allocator-size-gi-baking-worker=262144"
    "memorysetup-temp-allocator-size-gi-baking-worker=262144"
    "memorysetup-temp-allocator-size-gfx=262144"
Player connection [25488]  Target information:

Player connection [25488]  * "[IP] 138.48.33.139 [Port] 0 [Flags] 2 [Guid] 1500441571 [EditorId] 1500441571 [Version] 1048832 [Id] WindowsEditor(7,inf25l-xde-glo) [Debug] 1 [PackageName] WindowsEditor [ProjectName] Editor" 

Player connection [25488] Host joined multi-casting on [225.0.0.222:54997]...
Player connection [25488] Host joined alternative multi-casting on [225.0.0.222:34997]...
JobSystem: Creating JobQueue using job-worker-count value 11
Input System module state changed to: Initialized.
[Physics::Module] Initialized fallback backend.
[Physics::Module] Id: 0xdecafbad
[Licensing::Client] Code 10 while verifying Licensing Client signature (process Id: 18220, path: "C:/Program Files/Unity Hub/UnityLicensingClient_V1/Unity.Licensing.Client.exe")
[Licensing::Module] LicensingClient has failed validation; ignoring
[Licensing::Client] Handshaking with LicensingClient:
  Version:                 1.17.3+a4e98f1
  Session Id:              bea9f68eded4470c8d399b04b5c23b12
  Correlation Id:          961244f6a1398cda4f55a9d8bafce40e
  External correlation Id: 4239205257410568635
  Machine Id:              PZT+nH7eq8MGO6vuvuhZALpbm3o=
[Licensing::Module] Successfully connected to LicensingClient on channel: "LicenseClient-glongfil" (connect: 0.00s, validation: 0.00s, handshake: 0.04s)
[Licensing::IpcConnector] Successfully connected to: "LicenseClient-glongfil-notifications" at "2025-11-05T16:11:33.3273743Z"
[Licensing::Module] Licensing Background thread has ended after 0.04s
Library Redirect Path: Library/
[Physics::Module] Selected backend.
[Physics::Module] Name: PhysX
[Physics::Module] Id: 0xf2b8ea05
[Physics::Module] SDK Version: 4.1.2
[Physics::Module] Integration Version: 1.0.0
[Physics::Module] Threading Mode: Multi-Threaded
Refreshing native plugins compatible for Editor in 6.74 ms, found 8 plugins.
Preloading 0 native plugins for Editor in 0.00 ms.
Initialize engine version: 6000.0.62f1 (f99f05b3e950)
[Subsystems] Discovering subsystems at path C:/Program Files/Unity/Hub/Editor/6000.0.62f1/Editor/Data/Resources/UnitySubsystems
[Subsystems] Discovering subsystems at path C:/Users/glongfil/My project/Assets
GfxDevice: creating device client; kGfxThreadingModeNonThreaded
Direct3D:
    Version:  Direct3D 11.0 [level 11.1]
    Renderer: NVIDIA GeForce RTX 5070 Laptop GPU (ID=0x2d18)
    Vendor:   NVIDIA
    VRAM:     7802 MB
    Driver:   32.0.15.7705
Initialize mono
Mono path[0] = 'C:/Program Files/Unity/Hub/Editor/6000.0.62f1/Editor/Data/Managed'
Mono path[1] = 'C:/Program Files/Unity/Hub/Editor/6000.0.62f1/Editor/Data/MonoBleedingEdge/lib/mono/unityjit-win32'
Mono config path = 'C:/Program Files/Unity/Hub/Editor/6000.0.62f1/Editor/Data/MonoBleedingEdge/etc'
Using monoOptions --debugger-agent=transport=dt_socket,embedding=1,server=y,suspend=n,address=127.0.0.1:56348
Begin MonoManager ReloadAssembly
Registering precompiled unity dll's ...
Register platform support module: C:/Program Files/Unity/Hub/Editor/6000.0.62f1/Editor/Data/PlaybackEngines/WindowsStandaloneSupport/UnityEditor.WindowsStandalone.Extensions.dll
Registered in 0.001462 seconds.
- Loaded All Assemblies, in  0.247 seconds
Native extension for WindowsStandalone target not found
Mono: successfully reloaded assembly
- Finished resetting the current domain, in  0.238 seconds
Domain Reload Profiling: 483ms
	BeginReloadAssembly (92ms)
		ExecutionOrderSort (0ms)
		DisableScriptedObjects (0ms)
		BackupInstance (0ms)
		ReleaseScriptingObjects (0ms)
		CreateAndSetChildDomain (0ms)
	RebuildCommonClasses (24ms)
	RebuildNativeTypeToScriptingClass (7ms)
	initialDomainReloadingComplete (30ms)
	LoadAllAssembliesAndSetupDomain (93ms)
		LoadAssemblies (90ms)
		RebuildTransferFunctionScriptingTraits (0ms)
		AnalyzeDomain (91ms)
			TypeCache.Refresh (90ms)
				TypeCache.ScanAssembly (80ms)
			BuildScriptInfoCaches (0ms)
			ResolveRequiredComponents (0ms)
	FinalizeReload (238ms)
		ReleaseScriptCaches (0ms)
		RebuildScriptCaches (0ms)
		SetupLoadedEditorAssemblies (210ms)
			LogAssemblyErrors (0ms)
			InitializePlatformSupportModulesInManaged (15ms)
			SetLoadedEditorAssemblies (3ms)
			BeforeProcessingInitializeOnLoad (50ms)
			ProcessInitializeOnLoadAttributes (108ms)
			ProcessInitializeOnLoadMethodAttributes (35ms)
			AfterProcessingInitializeOnLoad (0ms)
			EditorAssembliesLoaded (0ms)
		ExecutionOrderSort2 (0ms)
		AwakeInstancesAfterBackupRestoration (0ms)
========================================================================
Worker process is ready to serve import requests
Import Worker Mode flag is 0x00
Begin MonoManager ReloadAssembly
[Licensing::Client] Successfully resolved entitlement details
[Licensing::Module] License group:
  Id: SC-GV9V-U6Q8-JP58-AD2S-XXXX
  Product: Unity Pro
  Type: ULF
  Expiration: 2026-04-11T14:02:29Z
[Licensing::Module] License group:
  Id: 9072253325369-gerrylongfils-UnityProStuXXXX
  Product: Unity Student
  Type: Assigned
  Expiration: 2026-04-05T14:02:29Z
- Loaded All Assemblies, in  0.564 seconds
Refreshing native plugins compatible for Editor in 4.26 ms, found 8 plugins.
Native extension for WindowsStandalone target not found
ChangeScriptExecutionOrder will try to parse the command line to change the script execution order
	 Use -scriptorder "namespaces.classname" "value" for every script or component class for which you wish to change the execution order
UnityEngine.Debug:ExtractStackTraceNoAlloc (byte*,int,string)
UnityEngine.StackTraceUtility:ExtractStackTrace ()
UnityEngine.DebugLogHandler:Internal_Log (UnityEngine.LogType,UnityEngine.LogOption,string,UnityEngine.Object)
UnityEngine.DebugLogHandler:LogFormat (UnityEngine.LogType,UnityEngine.Object,string,object[])
UnityEngine.Logger:LogFormat (UnityEngine.LogType,string,object[])
UnityEngine.Debug:LogFormat (string,object[])
InriaTools.ChangeScriptExecutionOrder:.cctor () (at ./Library/PackageCache/fr.inria.unity.tools@05e07d878e04/Editor/ChangeScriptExecutionOrder.cs:29)
System.Runtime.CompilerServices.RuntimeHelpers:RunClassConstructor (System.RuntimeTypeHandle)
UnityEditor.EditorAssemblies:ProcessInitializeOnLoadAttributes (System.Type[])

(Filename: ./Library/PackageCache/fr.inria.unity.tools@05e07d878e04/Editor/ChangeScriptExecutionOrder.cs Line: 29)

CommandLineBuilder will try to parse the command line to automate the build. If you need to change the runtime, you need to do it before on a separate run of unity editor
	 To set the runtime, use -executeMethod CommandLineBuilder.SetRuntime
		 Use the -runtime parameter to specify the runtime (default: .NET 4.x)
	 Use -executeMethod CommandLineBuilder.Build -build "executable pathname"
		 Use the -scenes "scenefile1";"scenefile2";... parameter to specify the scenes to include in the build
		 Use the -target or -buildTarget [win32|win64] parameter to specify the targeted platform (default: win64)
		 Use the -api_level parameter to specify the API level (default: .NET .2.0 for 3.5 runtime and .NET 4.x for 4.x runtime)
		 Use the -backend parameter to specify the scripting scripting backend (default: mono)
UnityEngine.Debug:ExtractStackTraceNoAlloc (byte*,int,string)
UnityEngine.StackTraceUtility:ExtractStackTrace ()
UnityEngine.DebugLogHandler:Internal_Log (UnityEngine.LogType,UnityEngine.LogOption,string,UnityEngine.Object)
UnityEngine.DebugLogHandler:LogFormat (UnityEngine.LogType,UnityEngine.Object,string,object[])
UnityEngine.Logger:LogFormat (UnityEngine.LogType,string,object[])
UnityEngine.Debug:LogFormat (string,object[])
CommandLineBuilder:.cctor () (at ./Library/PackageCache/fr.inria.unity.tools@05e07d878e04/Editor/CommandLineBuilder.cs:34)
System.Runtime.CompilerServices.RuntimeHelpers:RunClassConstructor (System.RuntimeTypeHandle)
UnityEditor.EditorAssemblies:ProcessInitializeOnLoadAttributes (System.Type[])

(Filename: ./Library/PackageCache/fr.inria.unity.tools@05e07d878e04/Editor/CommandLineBuilder.cs Line: 34)

GenerateAssemblies will try to parse the command line to replace assemblies or update ids.
		 Use -replaceassembly "assemblyname" for every assembly you wish to replace 
		 Use -mapfilesprefix "map_files_prefix" to optionnaly set a prefix to the map files that will be read/written. Default is map_ 
		 Use -mapfilespath "path" to optionnaly set the path where the map files will be read/written. Default is ./ 

	 Use -updateids to update the ids of the classes in the assets. 
		 Use -guidclassesmapfile "path" to optionnaly set the path where the GUID to Class map file is located. Default is map_guid_class.json 
		 Use -classordermapfile "path" to optionnaly set the path where the Class to Order map file is located. Default is map_class_order.json 
UnityEngine.Debug:ExtractStackTraceNoAlloc (byte*,int,string)
UnityEngine.StackTraceUtility:ExtractStackTrace ()
UnityEngine.DebugLogHandler:Internal_Log (UnityEngine.LogType,UnityEngine.LogOption,string,UnityEngine.Object)
UnityEngine.DebugLogHandler:LogFormat (UnityEngine.LogType,UnityEngine.Object,string,object[])
UnityEngine.Logger:LogFormat (UnityEngine.LogType,string,object[])
UnityEngine.Debug:LogFormat (string,object[])
GenerateAssemblies:.cctor () (at ./Library/PackageCache/fr.inria.unity.tools@05e07d878e04/Editor/GenerateAssemblies.cs:41)
System.Runtime.CompilerServices.RuntimeHelpers:RunClassConstructor (System.RuntimeTypeHandle)
UnityEditor.EditorAssemblies:ProcessInitializeOnLoadAttributes (System.Type[])

(Filename: ./Library/PackageCache/fr.inria.unity.tools@05e07d878e04/Editor/GenerateAssemblies.cs Line: 41)

CommandLineDefineSymbols will try to parse the command line to set define symbols (which can remove previously set ones).
	 Use -define "TARGET:SYMBOL1;-SYMBOL2;...SYMBOLx"
	 Possible values for TARGET : Unknown,Standalone,WebPlayer,iPhone,iOS,PS3,XBOX360,Android,WebGL,WSA,Metro,WP8,BlackBerry,Tizen,PSP2,PS4,PSM,XboxOne,SamsungTV,N3DS,WiiU,tvOS,Facebook,Switch,Lumin,Stadia,CloudRendering,LinuxHeadlessSimulation,GameCoreScarlett,GameCoreXboxSeries,GameCoreXboxOne,PS5,EmbeddedLinux,QNX,VisionOS,Switch2,Kepler
	 -SYMBOL will remove the SYMBOL define from the list if present
	 If no symbol is specified, any symbol defined in the project will be unset for the specified target
UnityEngine.Debug:ExtractStackTraceNoAlloc (byte*,int,string)
UnityEngine.StackTraceUtility:ExtractStackTrace ()
UnityEngine.DebugLogHandler:Internal_Log (UnityEngine.LogType,UnityEngine.LogOption,string,UnityEngine.Object)
UnityEngine.DebugLogHandler:LogFormat (UnityEngine.LogType,UnityEngine.Object,string,object[])
UnityEngine.Logger:LogFormat (UnityEngine.LogType,string,object[])
UnityEngine.Debug:LogFormat (string,object[])
CommandLineDefineSymbols:.cctor () (at ./Library/PackageCache/fr.inria.unity.tools@05e07d878e04/Editor/CommandLineDefineSymbols.cs:20)
System.Runtime.CompilerServices.RuntimeHelpers:RunClassConstructor (System.RuntimeTypeHandle)
UnityEditor.EditorAssemblies:ProcessInitializeOnLoadAttributes (System.Type[])

(Filename: ./Library/PackageCache/fr.inria.unity.tools@05e07d878e04/Editor/CommandLineDefineSymbols.cs Line: 20)

CommandLinePackageManager will try to parse the command line to add or remove packages.
	 Use -package "[+-]PACKAGE"
	 +PACKAGE will add the PACKAGE to the project
	 -PACKAGE will remove the PACKAGE from the project
	 Do not use the -quit command line option or this script won't work. Unity editor will exit when all packages have been handled
UnityEngine.Debug:ExtractStackTraceNoAlloc (byte*,int,string)
UnityEngine.StackTraceUtility:ExtractStackTrace ()
UnityEngine.DebugLogHandler:Internal_Log (UnityEngine.LogType,UnityEngine.LogOption,string,UnityEngine.Object)
UnityEngine.DebugLogHandler:LogFormat (UnityEngine.LogType,UnityEngine.Object,string,object[])
UnityEngine.Logger:LogFormat (UnityEngine.LogType,string,object[])
UnityEngine.Debug:LogFormat (string,object[])
CommandLinePackageManager:.cctor () (at ./Library/PackageCache/fr.inria.unity.tools@05e07d878e04/Editor/CommandLinePackageManager.cs:42)
System.Runtime.CompilerServices.RuntimeHelpers:RunClassConstructor (System.RuntimeTypeHandle)
UnityEditor.EditorAssemblies:ProcessInitializeOnLoadAttributes (System.Type[])

(Filename: ./Library/PackageCache/fr.inria.unity.tools@05e07d878e04/Editor/CommandLinePackageManager.cs Line: 42)

GenerateSolutionFile will try to parse the command line to generate the solution file.
	 Use -generatesolution or -executeMethod GenerateSolutionFile.GenerateFiles
UnityEngine.Debug:ExtractStackTraceNoAlloc (byte*,int,string)
UnityEngine.StackTraceUtility:ExtractStackTrace ()
UnityEngine.DebugLogHandler:Internal_Log (UnityEngine.LogType,UnityEngine.LogOption,string,UnityEngine.Object)
UnityEngine.DebugLogHandler:LogFormat (UnityEngine.LogType,UnityEngine.Object,string,object[])
UnityEngine.Logger:LogFormat (UnityEngine.LogType,string,object[])
UnityEngine.Debug:LogFormat (string,object[])
GenerateSolutionFile:.cctor () (at ./Library/PackageCache/fr.inria.unity.tools@05e07d878e04/Editor/GenerateSolutionFile.cs:22)
System.Runtime.CompilerServices.RuntimeHelpers:RunClassConstructor (System.RuntimeTypeHandle)
UnityEditor.EditorAssemblies:ProcessInitializeOnLoadAttributes (System.Type[])

(Filename: ./Library/PackageCache/fr.inria.unity.tools@05e07d878e04/Editor/GenerateSolutionFile.cs Line: 22)

Package Manager log level set to [2]
[Package Manager] Failed to launch server process. Reason: Unity was launched with the -noUpm command-line argument
[Package Manager] Unable to send message (not connected to server process).
[Package Manager] Cannot connect to Unity Package Manager local server
Mono: successfully reloaded assembly
[Package Manager] Failed to launch server process. Reason: Unity was launched with the -noUpm command-line argument
[Package Manager] Unable to send message (not connected to server process).
[Package Manager] Cannot connect to Unity Package Manager local server
[Package Manager] Failed to launch server process. Reason: Unity was launched with the -noUpm command-line argument
[Package Manager] Unable to send message (not connected to server process).
[Package Manager] Cannot connect to Unity Package Manager local server
- Finished resetting the current domain, in  0.686 seconds
Domain Reload Profiling: 1247ms
	BeginReloadAssembly (122ms)
		ExecutionOrderSort (0ms)
		DisableScriptedObjects (5ms)
		BackupInstance (0ms)
		ReleaseScriptingObjects (0ms)
		CreateAndSetChildDomain (22ms)
	RebuildCommonClasses (23ms)
	RebuildNativeTypeToScriptingClass (8ms)
	initialDomainReloadingComplete (26ms)
	LoadAllAssembliesAndSetupDomain (381ms)
		LoadAssemblies (266ms)
		RebuildTransferFunctionScriptingTraits (0ms)
		AnalyzeDomain (180ms)
			TypeCache.Refresh (132ms)
				TypeCache.ScanAssembly (119ms)
			BuildScriptInfoCaches (36ms)
			ResolveRequiredComponents (9ms)
	FinalizeReload (686ms)
		ReleaseScriptCaches (0ms)
		RebuildScriptCaches (0ms)
		SetupLoadedEditorAssemblies (593ms)
			LogAssemblyErrors (0ms)
			InitializePlatformSupportModulesInManaged (3ms)
			SetLoadedEditorAssemblies (4ms)
			BeforeProcessingInitializeOnLoad (92ms)
			ProcessInitializeOnLoadAttributes (364ms)
			ProcessInitializeOnLoadMethodAttributes (127ms)
			AfterProcessingInitializeOnLoad (3ms)
			EditorAssembliesLoaded (0ms)
		ExecutionOrderSort2 (0ms)
		AwakeInstancesAfterBackupRestoration (4ms)
WARNING: Shader Unsupported: 'Hidden/Simulation/URP/Synthetic' - All subshaders removed
WARNING: Shader Did you use #pragma only_renderers and omit this platform?
WARNING: Shader If subshaders removal was intentional, you may have forgotten turning Fallback off?
WARNING: Shader Unsupported: 'Hidden/Simulation/URP/Synthetic' - All subshaders removed
WARNING: Shader Did you use #pragma only_renderers and omit this platform?
WARNING: Shader If subshaders removal was intentional, you may have forgotten turning Fallback off?
WARNING: Shader Unsupported: 'Hidden/Simulation/Synthetic Lit' - All subshaders removed
WARNING: Shader Did you use #pragma only_renderers and omit this platform?
WARNING: Shader If subshaders removal was intentional, you may have forgotten turning Fallback off?
WARNING: Shader Unsupported: 'Hidden/Simulation/Synthetic Lit' - All subshaders removed
WARNING: Shader Did you use #pragma only_renderers and omit this platform?
WARNING: Shader If subshaders removal was intentional, you may have forgotten turning Fallback off?
WARNING: Shader Unsupported: 'Simulation/Standard Lit' - All subshaders removed
WARNING: Shader Did you use #pragma only_renderers and omit this platform?
WARNING: Shader If subshaders removal was intentional, you may have forgotten turning Fallback off?
WARNING: Shader Unsupported: 'Simulation/Standard Lit' - All subshaders removed
WARNING: Shader Did you use #pragma only_renderers and omit this platform?
WARNING: Shader If subshaders removal was intentional, you may have forgotten turning Fallback off?
WARNING: Shader Unsupported: 'Simulation/URP/Room X-Ray' - All subshaders removed
WARNING: Shader Did you use #pragma only_renderers and omit this platform?
WARNING: Shader If subshaders removal was intentional, you may have forgotten turning Fallback off?
WARNING: Shader Unsupported: 'Simulation/URP/Room X-Ray' - All subshaders removed
WARNING: Shader Did you use #pragma only_renderers and omit this platform?
WARNING: Shader If subshaders removal was intentional, you may have forgotten turning Fallback off?
WARNING: Shader Unsupported: 'Simulation/Room X-Ray' - All subshaders removed
WARNING: Shader Did you use #pragma only_renderers and omit this platform?
WARNING: Shader If subshaders removal was intentional, you may have forgotten turning Fallback off?
WARNING: Shader Unsupported: 'Simulation/Room X-Ray' - All subshaders removed
WARNING: Shader Did you use #pragma only_renderers and omit this platform?
WARNING: Shader If subshaders removal was intentional, you may have forgotten turning Fallback off?
WARNING: Shader Unsupported: 'Simulation/URP/Lit' - All subshaders removed
WARNING: Shader Did you use #pragma only_renderers and omit this platform?
WARNING: Shader If subshaders removal was intentional, you may have forgotten turning Fallback off?
WARNING: Shader Unsupported: 'Simulation/URP/Lit' - All subshaders removed
WARNING: Shader Did you use #pragma only_renderers and omit this platform?
WARNING: Shader If subshaders removal was intentional, you may have forgotten turning Fallback off?
Launched and connected shader compiler UnityShaderCompiler.exe after 0.01 seconds
Refreshing native plugins compatible for Editor in 6.26 ms, found 8 plugins.
Preloading 0 native plugins for Editor in 0.00 ms.
Unloading 56 Unused Serialized files (Serialized files now loaded: 0)
Unloading 6388 unused Assets / (7.0 MB). Loaded Objects now: 7115.
Memory consumption went from 153.2 MB to 146.2 MB.
Total: 9.764300 ms (FindLiveObjects: 0.708600 ms CreateObjectMapping: 0.587300 ms MarkObjects: 4.237200 ms  DeleteObjects: 4.230000 ms)

========================================================================
Received Import Request.
  Time since last request: 176.017010 seconds.
  path: Assets/Scripts/Sensors
  artifactKey: Guid(672d9eed36ad60d42846a313231238f4) Importer(2089858483,192608db42251d675da83286b1cce702)
Start importing Assets/Scripts/Sensors using Guid(672d9eed36ad60d42846a313231238f4) Importer(2089858483,192608db42251d675da83286b1cce702) (ScriptedImporter) -> (artifact id: '71b4461f158d1e597ce258474944be8c') in 0.1588016 seconds
Number of updated asset objects reloaded before import = 0Number of asset objects unloaded after import = 1

========================================================================
Received Import Request.
  Time since last request: 0.000020 seconds.
  path: Assets/Scripts/TESTREPLAY/TEST_REPLAY_ObjectFound_28e2f215-2b8d-4acb-93fa-3f71ed92387e_2025-11-05.txt
  artifactKey: Guid(b850fc41d7623504c97b0635c21a7192) Importer(2089858483,192608db42251d675da83286b1cce702)
Start importing Assets/Scripts/TESTREPLAY/TEST_REPLAY_ObjectFound_28e2f215-2b8d-4acb-93fa-3f71ed92387e_2025-11-05.txt using Guid(b850fc41d7623504c97b0635c21a7192) Importer(2089858483,192608db42251d675da83286b1cce702) (ScriptedImporter) -> (artifact id: '5dc8448686b02e203f9ae39db4c36582') in 0.0221549 seconds
Number of updated asset objects reloaded before import = 0Number of asset objects unloaded after import = 1

========================================================================
Received Import Request.
  Time since last request: 0.000034 seconds.
  path: Assets/Scripts/Interaction/VRTest/FaceCov.cs
  artifactKey: Guid(47a0dc7e9accb334b88d535a672541b8) Importer(2089858483,192608db42251d675da83286b1cce702)
Start importing Assets/Scripts/Interaction/VRTest/FaceCov.cs using Guid(47a0dc7e9accb334b88d535a672541b8) Importer(2089858483,192608db42251d675da83286b1cce702) (ScriptedImporter) -> (artifact id: 'dd89b7bb76b0fcc3a644adf30f6bbf82') in 0.0361989 seconds
Number of updated asset objects reloaded before import = 0Number of asset objects unloaded after import = 0

========================================================================
Received Import Request.
  Time since last request: 0.000023 seconds.
  path: Assets/Oracle_MoveObjectToOrigin.xml
  artifactKey: Guid(76101db3f260eef4fbbbaac1aed74121) Importer(2089858483,192608db42251d675da83286b1cce702)
Start importing Assets/Oracle_MoveObjectToOrigin.xml using Guid(76101db3f260eef4fbbbaac1aed74121) Importer(2089858483,192608db42251d675da83286b1cce702) (ScriptedImporter) -> (artifact id: '4d51de06a6c7f502fb35bdb881c9df69') in 0.0123552 seconds
Number of updated asset objects reloaded before import = 0Number of asset objects unloaded after import = 1

========================================================================
Received Import Request.
  Time since last request: 0.000019 seconds.
  path: Assets/Scripts/Interaction/Teleportation/TeleportRunner.cs
  artifactKey: Guid(c71b182cd58e9084d9e3538850997cf0) Importer(2089858483,192608db42251d675da83286b1cce702)
Start importing Assets/Scripts/Interaction/Teleportation/TeleportRunner.cs using Guid(c71b182cd58e9084d9e3538850997cf0) Importer(2089858483,192608db42251d675da83286b1cce702) (ScriptedImporter) -> (artifact id: 'd0b64cf4583b50db9e26d05fea2d9f06') in 0.0109739 seconds
Number of updated asset objects reloaded before import = 0Number of asset objects unloaded after import = 0

========================================================================
Received Import Request.
  Time since last request: 0.000019 seconds.
  path: Assets/Scripts/Interaction/GameObjectSelection
  artifactKey: Guid(a983a150952202742961b11f528a5fe0) Importer(2089858483,192608db42251d675da83286b1cce702)
Start importing Assets/Scripts/Interaction/GameObjectSelection using Guid(a983a150952202742961b11f528a5fe0) Importer(2089858483,192608db42251d675da83286b1cce702) (ScriptedImporter) -> (artifact id: '5ad49c8192b8b51645596d3fe6c4615e') in 0.0102982 seconds
Number of updated asset objects reloaded before import = 0Number of asset objects unloaded after import = 1

========================================================================
Received Import Request.
  Time since last request: 0.000021 seconds.
  path: Assets/result/result_7af80_05112025.csv
  artifactKey: Guid(67e8743b433055745bcdbfda344c1cab) Importer(2089858483,192608db42251d675da83286b1cce702)
Start importing Assets/result/result_7af80_05112025.csv using Guid(67e8743b433055745bcdbfda344c1cab) Importer(2089858483,192608db42251d675da83286b1cce702) (ScriptedImporter) -> (artifact id: 'a6ad64353c2074c1d2822deecabe26c0') in 0.0192695 seconds
Number of updated asset objects reloaded before import = 0Number of asset objects unloaded after import = 1

========================================================================
Received Import Request.
  Time since last request: 0.000018 seconds.
  path: Assets/result/result_75976_05112025.csv
  artifactKey: Guid(cde872bf336ae074f804edaf7e431cc9) Importer(2089858483,192608db42251d675da83286b1cce702)
Start importing Assets/result/result_75976_05112025.csv using Guid(cde872bf336ae074f804edaf7e431cc9) Importer(2089858483,192608db42251d675da83286b1cce702) (ScriptedImporter) -> (artifact id: 'd3ee02b61c3ce2972faf5ee61c4f148b') in 0.0173005 seconds
Number of updated asset objects reloaded before import = 0Number of asset objects unloaded after import = 1

========================================================================
Received Import Request.
  Time since last request: 0.000033 seconds.
  path: Assets/Scripts/CoveredObjects
  artifactKey: Guid(bb357e6af18ae8d4f8da124200991ed0) Importer(2089858483,192608db42251d675da83286b1cce702)
Start importing Assets/Scripts/CoveredObjects using Guid(bb357e6af18ae8d4f8da124200991ed0) Importer(2089858483,192608db42251d675da83286b1cce702) (ScriptedImporter) -> (artifact id: 'dab10bf5a350295770f1c48799bd4777') in 0.0092175 seconds
Number of updated asset objects reloaded before import = 0Number of asset objects unloaded after import = 1

========================================================================
Received Import Request.
  Time since last request: 0.000018 seconds.
  path: Assets/Scripts/Interaction/VRTest/SoundPlayer.cs
  artifactKey: Guid(7e65aea02c942ef4db8a29edb776e1b8) Importer(2089858483,192608db42251d675da83286b1cce702)
Start importing Assets/Scripts/Interaction/VRTest/SoundPlayer.cs using Guid(7e65aea02c942ef4db8a29edb776e1b8) Importer(2089858483,192608db42251d675da83286b1cce702) (ScriptedImporter) -> (artifact id: 'a2ee438ec51f78d3812ee3aef477339a') in 0.0125631 seconds
Number of updated asset objects reloaded before import = 0Number of asset objects unloaded after import = 0

========================================================================
Received Import Request.
  Time since last request: 0.000020 seconds.
  path: Assets/Scripts/TESTREPLAY/TESTREPLAY_SizeScene_3a9d8e8d-0a5e-4b03-8b74-5341fb4e96ab_2025-11-05.txt
  artifactKey: Guid(9ad3baa7f142270499b8788e2b158840) Importer(2089858483,192608db42251d675da83286b1cce702)
Start importing Assets/Scripts/TESTREPLAY/TESTREPLAY_SizeScene_3a9d8e8d-0a5e-4b03-8b74-5341fb4e96ab_2025-11-05.txt using Guid(9ad3baa7f142270499b8788e2b158840) Importer(2089858483,192608db42251d675da83286b1cce702) (ScriptedImporter) -> (artifact id: '737993e33e0169f24e9bbdcd44257c1d') in 0.0203355 seconds
Number of updated asset objects reloaded before import = 0Number of asset objects unloaded after import = 1

========================================================================
Received Import Request.
  Time since last request: 0.000019 seconds.
  path: Assets/Scripts/XareusScenario/Sensor.cs
  artifactKey: Guid(b25e7f5c8a82b9045a86e9a22cddddc1) Importer(2089858483,192608db42251d675da83286b1cce702)
Start importing Assets/Scripts/XareusScenario/Sensor.cs using Guid(b25e7f5c8a82b9045a86e9a22cddddc1) Importer(2089858483,192608db42251d675da83286b1cce702) (ScriptedImporter) -> (artifact id: '044d083e75af3545eb12b7006fce8351') in 0.0109881 seconds
Number of updated asset objects reloaded before import = 0Number of asset objects unloaded after import = 0

========================================================================
Received Import Request.
  Time since last request: 0.000022 seconds.
  path: Assets/Zeno Variant 3.prefab
  artifactKey: Guid(4c8838326fce6794297f6c6e30dca481) Importer(2089858483,192608db42251d675da83286b1cce702)
Start importing Assets/Zeno Variant 3.prefab using Guid(4c8838326fce6794297f6c6e30dca481) Importer(2089858483,192608db42251d675da83286b1cce702) (ScriptedImporter) -> (artifact id: 'cc1bd5ae87e258dedb149cca688c1595') in 0.089573 seconds
Number of updated asset objects reloaded before import = 0Number of asset objects unloaded after import = 505

========================================================================
Received Import Request.
  Time since last request: 0.000024 seconds.
  path: Assets/Scripts/TESTREPLAY/TESTREPLAY_SizeScene_552e9706-fd01-420f-ab74-c64ca6e05188_2025-11-05.txt
  artifactKey: Guid(714f78f97cf00a64393c7f1c59f7baef) Importer(2089858483,192608db42251d675da83286b1cce702)
Start importing Assets/Scripts/TESTREPLAY/TESTREPLAY_SizeScene_552e9706-fd01-420f-ab74-c64ca6e05188_2025-11-05.txt using Guid(714f78f97cf00a64393c7f1c59f7baef) Importer(2089858483,192608db42251d675da83286b1cce702) (ScriptedImporter) -> (artifact id: '210aa55f0a934947695c9d7a89da1ad5') in 0.0212246 seconds
Number of updated asset objects reloaded before import = 0Number of asset objects unloaded after import = 1

========================================================================
Received Import Request.
  Time since last request: 0.000029 seconds.
  path: Assets/Scripts/ParentController.cs
  artifactKey: Guid(8d4feb75cf3fb2d46b86b573949f7195) Importer(2089858483,192608db42251d675da83286b1cce702)
Start importing Assets/Scripts/ParentController.cs using Guid(8d4feb75cf3fb2d46b86b573949f7195) Importer(2089858483,192608db42251d675da83286b1cce702) (ScriptedImporter) -> (artifact id: '2f47c80eb800f7fbff512a36eb36219d') in 0.0110276 seconds
Number of updated asset objects reloaded before import = 0Number of asset objects unloaded after import = 0

========================================================================
Received Import Request.
  Time since last request: 0.000021 seconds.
  path: Assets/Scripts/TESTREPLAY/TESTREPLAY_SizeScene_856b5573-8fc7-42f5-b69e-63f475ca2773_2025-11-05.txt
  artifactKey: Guid(bdd16c104bd48ed4eb7a8c37562b4806) Importer(2089858483,192608db42251d675da83286b1cce702)
Start importing Assets/Scripts/TESTREPLAY/TESTREPLAY_SizeScene_856b5573-8fc7-42f5-b69e-63f475ca2773_2025-11-05.txt using Guid(bdd16c104bd48ed4eb7a8c37562b4806) Importer(2089858483,192608db42251d675da83286b1cce702) (ScriptedImporter) -> (artifact id: 'cbc304c11a2a85d8f53df2ff51adf1fb') in 0.0178948 seconds
Number of updated asset objects reloaded before import = 0Number of asset objects unloaded after import = 1

========================================================================
Received Import Request.
  Time since last request: 0.000016 seconds.
  path: Assets/Scripts/TESTREPLAY/TESTREPLAY_SizeScene_4588389c-9932-42e5-8bc9-e117add98ddc_2025-11-05.txt
  artifactKey: Guid(66ce9a52800c2284fa72ebaeb441c41b) Importer(2089858483,192608db42251d675da83286b1cce702)
Start importing Assets/Scripts/TESTREPLAY/TESTREPLAY_SizeScene_4588389c-9932-42e5-8bc9-e117add98ddc_2025-11-05.txt using Guid(66ce9a52800c2284fa72ebaeb441c41b) Importer(2089858483,192608db42251d675da83286b1cce702) (ScriptedImporter) -> (artifact id: '7d116713743e240892289ffd481c8e47') in 0.0107012 seconds
Number of updated asset objects reloaded before import = 0Number of asset objects unloaded after import = 1

========================================================================
Received Import Request.
  Time since last request: 0.000018 seconds.
  path: Assets/Scripts/LogAnalyser.cs
  artifactKey: Guid(2615d8470571c144d8ca767cf5780f05) Importer(2089858483,192608db42251d675da83286b1cce702)
Start importing Assets/Scripts/LogAnalyser.cs using Guid(2615d8470571c144d8ca767cf5780f05) Importer(2089858483,192608db42251d675da83286b1cce702) (ScriptedImporter) -> (artifact id: '091bd344d5454fc073834ff39d30b1e5') in 0.0114355 seconds
Number of updated asset objects reloaded before import = 0Number of asset objects unloaded after import = 0

========================================================================
Received Import Request.
  Time since last request: 0.000017 seconds.
  path: Assets/Scripts/ScriptsReplay
  artifactKey: Guid(ae8a8d52f55aa95468e6c9778b8a819f) Importer(2089858483,192608db42251d675da83286b1cce702)
Start importing Assets/Scripts/ScriptsReplay using Guid(ae8a8d52f55aa95468e6c9778b8a819f) Importer(2089858483,192608db42251d675da83286b1cce702) (ScriptedImporter) -> (artifact id: '5c4cb161f32b8e3feaa212c95aa1faf4') in 0.0086879 seconds
Number of updated asset objects reloaded before import = 0Number of asset objects unloaded after import = 1

========================================================================
Received Import Request.
  Time since last request: 0.000015 seconds.
  path: Assets/Scripts/Interaction/VRTest/VRGreed.cs
  artifactKey: Guid(b12fc0ce133279b47897286de7f9e65c) Importer(2089858483,192608db42251d675da83286b1cce702)
Start importing Assets/Scripts/Interaction/VRTest/VRGreed.cs using Guid(b12fc0ce133279b47897286de7f9e65c) Importer(2089858483,192608db42251d675da83286b1cce702) (ScriptedImporter) -> (artifact id: 'be8f6818d147aa52794a88509e166cde') in 0.0087073 seconds
Number of updated asset objects reloaded before import = 0Number of asset objects unloaded after import = 0

========================================================================
Received Import Request.
  Time since last request: 0.000016 seconds.
  path: Assets/Oracle_Colission.xml
  artifactKey: Guid(b9b773865bd282c4682df3a08d2fc583) Importer(2089858483,192608db42251d675da83286b1cce702)
Start importing Assets/Oracle_Colission.xml using Guid(b9b773865bd282c4682df3a08d2fc583) Importer(2089858483,192608db42251d675da83286b1cce702) (ScriptedImporter) -> (artifact id: '12a119d185245f61060cfb745478923f') in 0.011088 seconds
Number of updated asset objects reloaded before import = 0Number of asset objects unloaded after import = 1

========================================================================
Received Import Request.
  Time since last request: 0.000020 seconds.
  path: Assets/Scripts/Interaction/VRTest/SpawnPaper.cs
  artifactKey: Guid(e34b24bf163899443a8f41b25ba37693) Importer(2089858483,192608db42251d675da83286b1cce702)
Start importing Assets/Scripts/Interaction/VRTest/SpawnPaper.cs using Guid(e34b24bf163899443a8f41b25ba37693) Importer(2089858483,192608db42251d675da83286b1cce702) (ScriptedImporter) -> (artifact id: 'd1525e045e47ca4e531657f6da84e749') in 0.009139 seconds
Number of updated asset objects reloaded before import = 0Number of asset objects unloaded after import = 0

