[Licensing::Module] Trying to connect to existing licensing client channel...
[Licensing::IpcConnector] Successfully connected to: "LicenseClient-glongfil" at "2025-11-05T16:11:33.2942859Z"
Built from '6000.0/staging' branch; Version is '6000.0.62f1 (f99f05b3e950) revision 16359173'; Using compiler version '193933523'; Build Type 'Release'
OS: 'Windows 11  (10.0.26200) 64bit Professional' Language: 'fr' Physical Memory: 32189 MB
BatchMode: 1, IsHumanControllingUs: 0, StartBugReporterOnCrash: 0, Is64bit: 1
Date: 2025-11-05T16:11:33Z

COMMAND LINE ARGUMENTS:
C:\Program Files\Unity\Hub\Editor\6000.0.62f1\Editor\Unity.exe
-adb2
-batchMode
-noUpm
-name
AssetImportWorker2
-projectPath
C:/Users/glongfil/My project
-logFile
Logs/AssetImportWorker2.log
-srvPort
64522
-licensingIpc
LicenseClient-glongfil
-job-worker-count
11
-background-job-worker-count
8
-gc-helper-count
1
-name
AssetImport
Successfully changed project path to: C:/Users/glongfil/My project
C:/Users/glongfil/My project
[UnityMemory] Configuration Parameters - Can be set up in boot.config
    "memorysetup-bucket-allocator-granularity=16"
    "memorysetup-bucket-allocator-bucket-count=8"
    "memorysetup-bucket-allocator-block-size=33554432"
    "memorysetup-bucket-allocator-block-count=8"
    "memorysetup-main-allocator-block-size=16777216"
    "memorysetup-thread-allocator-block-size=16777216"
    "memorysetup-gfx-main-allocator-block-size=16777216"
    "memorysetup-gfx-thread-allocator-block-size=16777216"
    "memorysetup-cache-allocator-block-size=4194304"
    "memorysetup-typetree-allocator-block-size=2097152"
    "memorysetup-profiler-bucket-allocator-granularity=16"
    "memorysetup-profiler-bucket-allocator-bucket-count=8"
    "memorysetup-profiler-bucket-allocator-block-size=33554432"
    "memorysetup-profiler-bucket-allocator-block-count=8"
    "memorysetup-profiler-allocator-block-size=16777216"
    "memorysetup-profiler-editor-allocator-block-size=1048576"
    "memorysetup-temp-allocator-size-main=16777216"
    "memorysetup-job-temp-allocator-block-size=2097152"
    "memorysetup-job-temp-allocator-block-size-background=1048576"
    "memorysetup-job-temp-allocator-reduction-small-platforms=262144"
    "memorysetup-allocator-temp-initial-block-size-main=262144"
    "memorysetup-allocator-temp-initial-block-size-worker=262144"
    "memorysetup-temp-allocator-size-background-worker=32768"
    "memorysetup-temp-allocator-size-job-worker=262144"
    "memorysetup-temp-allocator-size-preload-manager=33554432"
    "memorysetup-temp-allocator-size-nav-mesh-worker=65536"
    "memorysetup-temp-allocator-size-audio-worker=65536"
    "memorysetup-temp-allocator-size-cloud-worker=32768"
    "memorysetup-temp-allocator-size-gi-baking-worker=262144"
    "memorysetup-temp-allocator-size-gi-baking-worker=262144"
    "memorysetup-temp-allocator-size-gi-baking-worker=262144"
    "memorysetup-temp-allocator-size-gi-baking-worker=262144"
    "memorysetup-temp-allocator-size-gi-baking-worker=262144"
    "memorysetup-temp-allocator-size-gfx=262144"
Player connection [14120]  Target information:

Player connection [14120]  * "[IP] 138.48.33.139 [Port] 0 [Flags] 2 [Guid] 2075305616 [EditorId] 2075305616 [Version] 1048832 [Id] WindowsEditor(7,inf25l-xde-glo) [Debug] 1 [PackageName] WindowsEditor [ProjectName] Editor" 

Player connection [14120] Host joined multi-casting on [225.0.0.222:54997]...
Player connection [14120] Host joined alternative multi-casting on [225.0.0.222:34997]...
JobSystem: Creating JobQueue using job-worker-count value 11
Input System module state changed to: Initialized.
[Physics::Module] Initialized fallback backend.
[Physics::Module] Id: 0xdecafbad
[Licensing::Client] Code 10 while verifying Licensing Client signature (process Id: 18220, path: "C:/Program Files/Unity Hub/UnityLicensingClient_V1/Unity.Licensing.Client.exe")
[Licensing::Module] LicensingClient has failed validation; ignoring
[Licensing::Client] Handshaking with LicensingClient:
  Version:                 1.17.3+a4e98f1
  Session Id:              70f0779387fa4960b63650c676797b46
  Correlation Id:          961244f6a1398cda4f55a9d8bafce40e
  External correlation Id: 2250573244277564358
  Machine Id:              PZT+nH7eq8MGO6vuvuhZALpbm3o=
[Licensing::Module] Successfully connected to LicensingClient on channel: "LicenseClient-glongfil" (connect: 0.00s, validation: 0.00s, handshake: 0.04s)
[Licensing::IpcConnector] Successfully connected to: "LicenseClient-glongfil-notifications" at "2025-11-05T16:11:33.3364352Z"
[Licensing::Module] Licensing Background thread has ended after 0.04s
Library Redirect Path: Library/
[Physics::Module] Selected backend.
[Physics::Module] Name: PhysX
[Physics::Module] Id: 0xf2b8ea05
[Physics::Module] SDK Version: 4.1.2
[Physics::Module] Integration Version: 1.0.0
[Physics::Module] Threading Mode: Multi-Threaded
Refreshing native plugins compatible for Editor in 6.46 ms, found 8 plugins.
Preloading 0 native plugins for Editor in 0.00 ms.
Initialize engine version: 6000.0.62f1 (f99f05b3e950)
[Subsystems] Discovering subsystems at path C:/Program Files/Unity/Hub/Editor/6000.0.62f1/Editor/Data/Resources/UnitySubsystems
[Subsystems] Discovering subsystems at path C:/Users/glongfil/My project/Assets
GfxDevice: creating device client; kGfxThreadingModeNonThreaded
Direct3D:
    Version:  Direct3D 11.0 [level 11.1]
    Renderer: NVIDIA GeForce RTX 5070 Laptop GPU (ID=0x2d18)
    Vendor:   NVIDIA
    VRAM:     7802 MB
    Driver:   32.0.15.7705
Initialize mono
Mono path[0] = 'C:/Program Files/Unity/Hub/Editor/6000.0.62f1/Editor/Data/Managed'
Mono path[1] = 'C:/Program Files/Unity/Hub/Editor/6000.0.62f1/Editor/Data/MonoBleedingEdge/lib/mono/unityjit-win32'
Mono config path = 'C:/Program Files/Unity/Hub/Editor/6000.0.62f1/Editor/Data/MonoBleedingEdge/etc'
Using monoOptions --debugger-agent=transport=dt_socket,embedding=1,server=y,suspend=n,address=127.0.0.1:56688
Begin MonoManager ReloadAssembly
Registering precompiled unity dll's ...
Register platform support module: C:/Program Files/Unity/Hub/Editor/6000.0.62f1/Editor/Data/PlaybackEngines/WindowsStandaloneSupport/UnityEditor.WindowsStandalone.Extensions.dll
Registered in 0.001960 seconds.
- Loaded All Assemblies, in  0.246 seconds
Native extension for WindowsStandalone target not found
Mono: successfully reloaded assembly
- Finished resetting the current domain, in  0.235 seconds
Domain Reload Profiling: 480ms
	BeginReloadAssembly (88ms)
		ExecutionOrderSort (0ms)
		DisableScriptedObjects (0ms)
		BackupInstance (0ms)
		ReleaseScriptingObjects (0ms)
		CreateAndSetChildDomain (0ms)
	RebuildCommonClasses (22ms)
	RebuildNativeTypeToScriptingClass (7ms)
	initialDomainReloadingComplete (30ms)
	LoadAllAssembliesAndSetupDomain (97ms)
		LoadAssemblies (86ms)
		RebuildTransferFunctionScriptingTraits (0ms)
		AnalyzeDomain (95ms)
			TypeCache.Refresh (94ms)
				TypeCache.ScanAssembly (84ms)
			BuildScriptInfoCaches (0ms)
			ResolveRequiredComponents (0ms)
	FinalizeReload (235ms)
		ReleaseScriptCaches (0ms)
		RebuildScriptCaches (0ms)
		SetupLoadedEditorAssemblies (206ms)
			LogAssemblyErrors (0ms)
			InitializePlatformSupportModulesInManaged (16ms)
			SetLoadedEditorAssemblies (3ms)
			BeforeProcessingInitializeOnLoad (45ms)
			ProcessInitializeOnLoadAttributes (106ms)
			ProcessInitializeOnLoadMethodAttributes (35ms)
			AfterProcessingInitializeOnLoad (0ms)
			EditorAssembliesLoaded (0ms)
		ExecutionOrderSort2 (0ms)
		AwakeInstancesAfterBackupRestoration (0ms)
========================================================================
Worker process is ready to serve import requests
Import Worker Mode flag is 0x00
Begin MonoManager ReloadAssembly
[Licensing::Client] Successfully resolved entitlement details
[Licensing::Module] License group:
  Id: SC-GV9V-U6Q8-JP58-AD2S-XXXX
  Product: Unity Pro
  Type: ULF
  Expiration: 2026-04-11T14:02:29Z
[Licensing::Module] License group:
  Id: 9072253325369-gerrylongfils-UnityProStuXXXX
  Product: Unity Student
  Type: Assigned
  Expiration: 2026-04-05T14:02:29Z
- Loaded All Assemblies, in  0.582 seconds
Refreshing native plugins compatible for Editor in 4.63 ms, found 8 plugins.
Native extension for WindowsStandalone target not found
ChangeScriptExecutionOrder will try to parse the command line to change the script execution order
	 Use -scriptorder "namespaces.classname" "value" for every script or component class for which you wish to change the execution order
UnityEngine.Debug:ExtractStackTraceNoAlloc (byte*,int,string)
UnityEngine.StackTraceUtility:ExtractStackTrace ()
UnityEngine.DebugLogHandler:Internal_Log (UnityEngine.LogType,UnityEngine.LogOption,string,UnityEngine.Object)
UnityEngine.DebugLogHandler:LogFormat (UnityEngine.LogType,UnityEngine.Object,string,object[])
UnityEngine.Logger:LogFormat (UnityEngine.LogType,string,object[])
UnityEngine.Debug:LogFormat (string,object[])
InriaTools.ChangeScriptExecutionOrder:.cctor () (at ./Library/PackageCache/fr.inria.unity.tools@05e07d878e04/Editor/ChangeScriptExecutionOrder.cs:29)
System.Runtime.CompilerServices.RuntimeHelpers:RunClassConstructor (System.RuntimeTypeHandle)
UnityEditor.EditorAssemblies:ProcessInitializeOnLoadAttributes (System.Type[])

(Filename: ./Library/PackageCache/fr.inria.unity.tools@05e07d878e04/Editor/ChangeScriptExecutionOrder.cs Line: 29)

CommandLineBuilder will try to parse the command line to automate the build. If you need to change the runtime, you need to do it before on a separate run of unity editor
	 To set the runtime, use -executeMethod CommandLineBuilder.SetRuntime
		 Use the -runtime parameter to specify the runtime (default: .NET 4.x)
	 Use -executeMethod CommandLineBuilder.Build -build "executable pathname"
		 Use the -scenes "scenefile1";"scenefile2";... parameter to specify the scenes to include in the build
		 Use the -target or -buildTarget [win32|win64] parameter to specify the targeted platform (default: win64)
		 Use the -api_level parameter to specify the API level (default: .NET .2.0 for 3.5 runtime and .NET 4.x for 4.x runtime)
		 Use the -backend parameter to specify the scripting scripting backend (default: mono)
UnityEngine.Debug:ExtractStackTraceNoAlloc (byte*,int,string)
UnityEngine.StackTraceUtility:ExtractStackTrace ()
UnityEngine.DebugLogHandler:Internal_Log (UnityEngine.LogType,UnityEngine.LogOption,string,UnityEngine.Object)
UnityEngine.DebugLogHandler:LogFormat (UnityEngine.LogType,UnityEngine.Object,string,object[])
UnityEngine.Logger:LogFormat (UnityEngine.LogType,string,object[])
UnityEngine.Debug:LogFormat (string,object[])
CommandLineBuilder:.cctor () (at ./Library/PackageCache/fr.inria.unity.tools@05e07d878e04/Editor/CommandLineBuilder.cs:34)
System.Runtime.CompilerServices.RuntimeHelpers:RunClassConstructor (System.RuntimeTypeHandle)
UnityEditor.EditorAssemblies:ProcessInitializeOnLoadAttributes (System.Type[])

(Filename: ./Library/PackageCache/fr.inria.unity.tools@05e07d878e04/Editor/CommandLineBuilder.cs Line: 34)

GenerateAssemblies will try to parse the command line to replace assemblies or update ids.
		 Use -replaceassembly "assemblyname" for every assembly you wish to replace 
		 Use -mapfilesprefix "map_files_prefix" to optionnaly set a prefix to the map files that will be read/written. Default is map_ 
		 Use -mapfilespath "path" to optionnaly set the path where the map files will be read/written. Default is ./ 

	 Use -updateids to update the ids of the classes in the assets. 
		 Use -guidclassesmapfile "path" to optionnaly set the path where the GUID to Class map file is located. Default is map_guid_class.json 
		 Use -classordermapfile "path" to optionnaly set the path where the Class to Order map file is located. Default is map_class_order.json 
UnityEngine.Debug:ExtractStackTraceNoAlloc (byte*,int,string)
UnityEngine.StackTraceUtility:ExtractStackTrace ()
UnityEngine.DebugLogHandler:Internal_Log (UnityEngine.LogType,UnityEngine.LogOption,string,UnityEngine.Object)
UnityEngine.DebugLogHandler:LogFormat (UnityEngine.LogType,UnityEngine.Object,string,object[])
UnityEngine.Logger:LogFormat (UnityEngine.LogType,string,object[])
UnityEngine.Debug:LogFormat (string,object[])
GenerateAssemblies:.cctor () (at ./Library/PackageCache/fr.inria.unity.tools@05e07d878e04/Editor/GenerateAssemblies.cs:41)
System.Runtime.CompilerServices.RuntimeHelpers:RunClassConstructor (System.RuntimeTypeHandle)
UnityEditor.EditorAssemblies:ProcessInitializeOnLoadAttributes (System.Type[])

(Filename: ./Library/PackageCache/fr.inria.unity.tools@05e07d878e04/Editor/GenerateAssemblies.cs Line: 41)

CommandLineDefineSymbols will try to parse the command line to set define symbols (which can remove previously set ones).
	 Use -define "TARGET:SYMBOL1;-SYMBOL2;...SYMBOLx"
	 Possible values for TARGET : Unknown,Standalone,WebPlayer,iPhone,iOS,PS3,XBOX360,Android,WebGL,WSA,Metro,WP8,BlackBerry,Tizen,PSP2,PS4,PSM,XboxOne,SamsungTV,N3DS,WiiU,tvOS,Facebook,Switch,Lumin,Stadia,CloudRendering,LinuxHeadlessSimulation,GameCoreScarlett,GameCoreXboxSeries,GameCoreXboxOne,PS5,EmbeddedLinux,QNX,VisionOS,Switch2,Kepler
	 -SYMBOL will remove the SYMBOL define from the list if present
	 If no symbol is specified, any symbol defined in the project will be unset for the specified target
UnityEngine.Debug:ExtractStackTraceNoAlloc (byte*,int,string)
UnityEngine.StackTraceUtility:ExtractStackTrace ()
UnityEngine.DebugLogHandler:Internal_Log (UnityEngine.LogType,UnityEngine.LogOption,string,UnityEngine.Object)
UnityEngine.DebugLogHandler:LogFormat (UnityEngine.LogType,UnityEngine.Object,string,object[])
UnityEngine.Logger:LogFormat (UnityEngine.LogType,string,object[])
UnityEngine.Debug:LogFormat (string,object[])
CommandLineDefineSymbols:.cctor () (at ./Library/PackageCache/fr.inria.unity.tools@05e07d878e04/Editor/CommandLineDefineSymbols.cs:20)
System.Runtime.CompilerServices.RuntimeHelpers:RunClassConstructor (System.RuntimeTypeHandle)
UnityEditor.EditorAssemblies:ProcessInitializeOnLoadAttributes (System.Type[])

(Filename: ./Library/PackageCache/fr.inria.unity.tools@05e07d878e04/Editor/CommandLineDefineSymbols.cs Line: 20)

CommandLinePackageManager will try to parse the command line to add or remove packages.
	 Use -package "[+-]PACKAGE"
	 +PACKAGE will add the PACKAGE to the project
	 -PACKAGE will remove the PACKAGE from the project
	 Do not use the -quit command line option or this script won't work. Unity editor will exit when all packages have been handled
UnityEngine.Debug:ExtractStackTraceNoAlloc (byte*,int,string)
UnityEngine.StackTraceUtility:ExtractStackTrace ()
UnityEngine.DebugLogHandler:Internal_Log (UnityEngine.LogType,UnityEngine.LogOption,string,UnityEngine.Object)
UnityEngine.DebugLogHandler:LogFormat (UnityEngine.LogType,UnityEngine.Object,string,object[])
UnityEngine.Logger:LogFormat (UnityEngine.LogType,string,object[])
UnityEngine.Debug:LogFormat (string,object[])
CommandLinePackageManager:.cctor () (at ./Library/PackageCache/fr.inria.unity.tools@05e07d878e04/Editor/CommandLinePackageManager.cs:42)
System.Runtime.CompilerServices.RuntimeHelpers:RunClassConstructor (System.RuntimeTypeHandle)
UnityEditor.EditorAssemblies:ProcessInitializeOnLoadAttributes (System.Type[])

(Filename: ./Library/PackageCache/fr.inria.unity.tools@05e07d878e04/Editor/CommandLinePackageManager.cs Line: 42)

GenerateSolutionFile will try to parse the command line to generate the solution file.
	 Use -generatesolution or -executeMethod GenerateSolutionFile.GenerateFiles
UnityEngine.Debug:ExtractStackTraceNoAlloc (byte*,int,string)
UnityEngine.StackTraceUtility:ExtractStackTrace ()
UnityEngine.DebugLogHandler:Internal_Log (UnityEngine.LogType,UnityEngine.LogOption,string,UnityEngine.Object)
UnityEngine.DebugLogHandler:LogFormat (UnityEngine.LogType,UnityEngine.Object,string,object[])
UnityEngine.Logger:LogFormat (UnityEngine.LogType,string,object[])
UnityEngine.Debug:LogFormat (string,object[])
GenerateSolutionFile:.cctor () (at ./Library/PackageCache/fr.inria.unity.tools@05e07d878e04/Editor/GenerateSolutionFile.cs:22)
System.Runtime.CompilerServices.RuntimeHelpers:RunClassConstructor (System.RuntimeTypeHandle)
UnityEditor.EditorAssemblies:ProcessInitializeOnLoadAttributes (System.Type[])

(Filename: ./Library/PackageCache/fr.inria.unity.tools@05e07d878e04/Editor/GenerateSolutionFile.cs Line: 22)

Package Manager log level set to [2]
[Package Manager] Failed to launch server process. Reason: Unity was launched with the -noUpm command-line argument
[Package Manager] Unable to send message (not connected to server process).
[Package Manager] Cannot connect to Unity Package Manager local server
Mono: successfully reloaded assembly
[Package Manager] Failed to launch server process. Reason: Unity was launched with the -noUpm command-line argument
[Package Manager] Unable to send message (not connected to server process).
[Package Manager] Cannot connect to Unity Package Manager local server
[Package Manager] Failed to launch server process. Reason: Unity was launched with the -noUpm command-line argument
[Package Manager] Unable to send message (not connected to server process).
[Package Manager] Cannot connect to Unity Package Manager local server
- Finished resetting the current domain, in  0.699 seconds
Domain Reload Profiling: 1278ms
	BeginReloadAssembly (124ms)
		ExecutionOrderSort (0ms)
		DisableScriptedObjects (4ms)
		BackupInstance (0ms)
		ReleaseScriptingObjects (0ms)
		CreateAndSetChildDomain (24ms)
	RebuildCommonClasses (23ms)
	RebuildNativeTypeToScriptingClass (8ms)
	initialDomainReloadingComplete (25ms)
	LoadAllAssembliesAndSetupDomain (398ms)
		LoadAssemblies (278ms)
		RebuildTransferFunctionScriptingTraits (0ms)
		AnalyzeDomain (184ms)
			TypeCache.Refresh (137ms)
				TypeCache.ScanAssembly (122ms)
			BuildScriptInfoCaches (35ms)
			ResolveRequiredComponents (8ms)
	FinalizeReload (699ms)
		ReleaseScriptCaches (0ms)
		RebuildScriptCaches (0ms)
		SetupLoadedEditorAssemblies (611ms)
			LogAssemblyErrors (0ms)
			InitializePlatformSupportModulesInManaged (1ms)
			SetLoadedEditorAssemblies (3ms)
			BeforeProcessingInitializeOnLoad (93ms)
			ProcessInitializeOnLoadAttributes (361ms)
			ProcessInitializeOnLoadMethodAttributes (149ms)
			AfterProcessingInitializeOnLoad (3ms)
			EditorAssembliesLoaded (0ms)
		ExecutionOrderSort2 (0ms)
		AwakeInstancesAfterBackupRestoration (3ms)
WARNING: Shader Unsupported: 'Hidden/Simulation/URP/Synthetic' - All subshaders removed
WARNING: Shader Did you use #pragma only_renderers and omit this platform?
WARNING: Shader If subshaders removal was intentional, you may have forgotten turning Fallback off?
WARNING: Shader Unsupported: 'Hidden/Simulation/URP/Synthetic' - All subshaders removed
WARNING: Shader Did you use #pragma only_renderers and omit this platform?
WARNING: Shader If subshaders removal was intentional, you may have forgotten turning Fallback off?
WARNING: Shader Unsupported: 'Hidden/Simulation/Synthetic Lit' - All subshaders removed
WARNING: Shader Did you use #pragma only_renderers and omit this platform?
WARNING: Shader If subshaders removal was intentional, you may have forgotten turning Fallback off?
WARNING: Shader Unsupported: 'Hidden/Simulation/Synthetic Lit' - All subshaders removed
WARNING: Shader Did you use #pragma only_renderers and omit this platform?
WARNING: Shader If subshaders removal was intentional, you may have forgotten turning Fallback off?
WARNING: Shader Unsupported: 'Simulation/Standard Lit' - All subshaders removed
WARNING: Shader Did you use #pragma only_renderers and omit this platform?
WARNING: Shader If subshaders removal was intentional, you may have forgotten turning Fallback off?
WARNING: Shader Unsupported: 'Simulation/Standard Lit' - All subshaders removed
WARNING: Shader Did you use #pragma only_renderers and omit this platform?
WARNING: Shader If subshaders removal was intentional, you may have forgotten turning Fallback off?
WARNING: Shader Unsupported: 'Simulation/URP/Room X-Ray' - All subshaders removed
WARNING: Shader Did you use #pragma only_renderers and omit this platform?
WARNING: Shader If subshaders removal was intentional, you may have forgotten turning Fallback off?
WARNING: Shader Unsupported: 'Simulation/URP/Room X-Ray' - All subshaders removed
WARNING: Shader Did you use #pragma only_renderers and omit this platform?
WARNING: Shader If subshaders removal was intentional, you may have forgotten turning Fallback off?
WARNING: Shader Unsupported: 'Simulation/Room X-Ray' - All subshaders removed
WARNING: Shader Did you use #pragma only_renderers and omit this platform?
WARNING: Shader If subshaders removal was intentional, you may have forgotten turning Fallback off?
WARNING: Shader Unsupported: 'Simulation/Room X-Ray' - All subshaders removed
WARNING: Shader Did you use #pragma only_renderers and omit this platform?
WARNING: Shader If subshaders removal was intentional, you may have forgotten turning Fallback off?
WARNING: Shader Unsupported: 'Simulation/URP/Lit' - All subshaders removed
WARNING: Shader Did you use #pragma only_renderers and omit this platform?
WARNING: Shader If subshaders removal was intentional, you may have forgotten turning Fallback off?
WARNING: Shader Unsupported: 'Simulation/URP/Lit' - All subshaders removed
WARNING: Shader Did you use #pragma only_renderers and omit this platform?
WARNING: Shader If subshaders removal was intentional, you may have forgotten turning Fallback off?
Launched and connected shader compiler UnityShaderCompiler.exe after 0.01 seconds
Refreshing native plugins compatible for Editor in 6.15 ms, found 8 plugins.
Preloading 0 native plugins for Editor in 0.00 ms.
Unloading 56 Unused Serialized files (Serialized files now loaded: 0)
Unloading 6388 unused Assets / (7.2 MB). Loaded Objects now: 7115.
Memory consumption went from 153.2 MB to 146.1 MB.
Total: 10.571300 ms (FindLiveObjects: 0.723000 ms CreateObjectMapping: 0.603600 ms MarkObjects: 4.907300 ms  DeleteObjects: 4.336100 ms)

========================================================================
Received Import Request.
  Time since last request: 176.017046 seconds.
  path: Assets/Oracle_Teleportation.xml
  artifactKey: Guid(5a8bb8326d01e3145863c6566623e164) Importer(2089858483,192608db42251d675da83286b1cce702)
Start importing Assets/Oracle_Teleportation.xml using Guid(5a8bb8326d01e3145863c6566623e164) Importer(2089858483,192608db42251d675da83286b1cce702) (ScriptedImporter) -> (artifact id: 'b8e3d0b7e427e197bc2affb68780f894') in 0.1590453 seconds
Number of updated asset objects reloaded before import = 0Number of asset objects unloaded after import = 1

========================================================================
Received Import Request.
  Time since last request: 0.000025 seconds.
  path: Assets/Scripts/TESTREPLAY/TESTREPLAY_TeleportPlayer_0ab54837-e6f5-47fb-bf2a-4133b820324c_2025-11-05.txt
  artifactKey: Guid(6de0b056a85bfeb4e94e41bd63651162) Importer(2089858483,192608db42251d675da83286b1cce702)
Start importing Assets/Scripts/TESTREPLAY/TESTREPLAY_TeleportPlayer_0ab54837-e6f5-47fb-bf2a-4133b820324c_2025-11-05.txt using Guid(6de0b056a85bfeb4e94e41bd63651162) Importer(2089858483,192608db42251d675da83286b1cce702) (ScriptedImporter) -> (artifact id: 'efcabce1d5fdb45e57618e26384d682c') in 0.0222271 seconds
Number of updated asset objects reloaded before import = 0Number of asset objects unloaded after import = 1

========================================================================
Received Import Request.
  Time since last request: 0.000027 seconds.
  path: Assets/result/result_29962_05112025.csv
  artifactKey: Guid(fa8fc75524e7c8343917567b6d4fc5dd) Importer(2089858483,192608db42251d675da83286b1cce702)
Start importing Assets/result/result_29962_05112025.csv using Guid(fa8fc75524e7c8343917567b6d4fc5dd) Importer(2089858483,192608db42251d675da83286b1cce702) (ScriptedImporter) -> (artifact id: 'cc5568c41ddcf0cf0d9261f7dee4057a') in 0.0235085 seconds
Number of updated asset objects reloaded before import = 0Number of asset objects unloaded after import = 1

========================================================================
Received Import Request.
  Time since last request: 0.000021 seconds.
  path: Assets/Zeno 3.prefab
  artifactKey: Guid(215c413031aef414895775e307868878) Importer(2089858483,192608db42251d675da83286b1cce702)
Start importing Assets/Zeno 3.prefab using Guid(215c413031aef414895775e307868878) Importer(2089858483,192608db42251d675da83286b1cce702) (ScriptedImporter) -> (artifact id: 'b1825f11f09a6306cba2df8fbb09daae') in 0.0958171 seconds
Number of updated asset objects reloaded before import = 0Number of asset objects unloaded after import = 502

========================================================================
Received Import Request.
  Time since last request: 0.000023 seconds.
  path: Assets/Oracle_InObjectScene.xml
  artifactKey: Guid(d273294628bad09449cbae28fe0f2533) Importer(2089858483,192608db42251d675da83286b1cce702)
Start importing Assets/Oracle_InObjectScene.xml using Guid(d273294628bad09449cbae28fe0f2533) Importer(2089858483,192608db42251d675da83286b1cce702) (ScriptedImporter) -> (artifact id: 'a6b0846b2c00b58c05d7339699abd817') in 0.0134558 seconds
Number of updated asset objects reloaded before import = 0Number of asset objects unloaded after import = 1

========================================================================
Received Import Request.
  Time since last request: 0.000019 seconds.
  path: Assets/Scripts/TESTREPLAY/TESTREPLAY_SizeScene_3883c5e2-8969-4365-9c0b-86ad598fce2e_2025-11-05.txt
  artifactKey: Guid(9cc800d52e5e74a4bb11fbdf1665c766) Importer(2089858483,192608db42251d675da83286b1cce702)
Start importing Assets/Scripts/TESTREPLAY/TESTREPLAY_SizeScene_3883c5e2-8969-4365-9c0b-86ad598fce2e_2025-11-05.txt using Guid(9cc800d52e5e74a4bb11fbdf1665c766) Importer(2089858483,192608db42251d675da83286b1cce702) (ScriptedImporter) -> (artifact id: 'ae19d50bb56ff84f98fba53183cf2b37') in 0.0206859 seconds
Number of updated asset objects reloaded before import = 0Number of asset objects unloaded after import = 1

========================================================================
Received Import Request.
  Time since last request: 0.000025 seconds.
  path: Assets/Scripts/Interaction/VRTest/Autowalk.cs
  artifactKey: Guid(7596dfc3921785847b0749cb7aa38dd7) Importer(2089858483,192608db42251d675da83286b1cce702)
Start importing Assets/Scripts/Interaction/VRTest/Autowalk.cs using Guid(7596dfc3921785847b0749cb7aa38dd7) Importer(2089858483,192608db42251d675da83286b1cce702) (ScriptedImporter) -> (artifact id: 'f29d3330294e5738816adc67cc04a0f9') in 0.0115431 seconds
Number of updated asset objects reloaded before import = 0Number of asset objects unloaded after import = 0

========================================================================
Received Import Request.
  Time since last request: 0.000020 seconds.
  path: Assets/Scripts/TESTREPLAY/TESTREPLAY_SizeScene_4871d1d5-2124-435b-8511-a99b311b8f02_2025-11-05.txt
  artifactKey: Guid(35a39cac84a02204080f17425fa3350f) Importer(2089858483,192608db42251d675da83286b1cce702)
Start importing Assets/Scripts/TESTREPLAY/TESTREPLAY_SizeScene_4871d1d5-2124-435b-8511-a99b311b8f02_2025-11-05.txt using Guid(35a39cac84a02204080f17425fa3350f) Importer(2089858483,192608db42251d675da83286b1cce702) (ScriptedImporter) -> (artifact id: 'afebeb73fae9908428c7af26eec21325') in 0.018981 seconds
Number of updated asset objects reloaded before import = 0Number of asset objects unloaded after import = 1

========================================================================
Received Import Request.
  Time since last request: 0.000017 seconds.
  path: Assets/Scripts/Effector/CollisionEffector.cs
  artifactKey: Guid(5b36274fe3458ba4299bc10b29b2ed1e) Importer(2089858483,192608db42251d675da83286b1cce702)
Start importing Assets/Scripts/Effector/CollisionEffector.cs using Guid(5b36274fe3458ba4299bc10b29b2ed1e) Importer(2089858483,192608db42251d675da83286b1cce702) (ScriptedImporter) -> (artifact id: 'edd094e1a48ddcd516cfd895ecd9176e') in 0.0123175 seconds
Number of updated asset objects reloaded before import = 0Number of asset objects unloaded after import = 0

========================================================================
Received Import Request.
  Time since last request: 0.000021 seconds.
  path: Assets/GrabObject.prefab
  artifactKey: Guid(3462ffc85e5fc1d4a8e95647f959b665) Importer(2089858483,192608db42251d675da83286b1cce702)
Start importing Assets/GrabObject.prefab using Guid(3462ffc85e5fc1d4a8e95647f959b665) Importer(2089858483,192608db42251d675da83286b1cce702) (ScriptedImporter) -> (artifact id: '17ac24e426a514431980e6e286f98192') in 0.2582995 seconds
Number of updated asset objects reloaded before import = 0Number of asset objects unloaded after import = 12

========================================================================
Received Import Request.
  Time since last request: 0.000015 seconds.
  path: Assets/Zeno Variant.prefab
  artifactKey: Guid(24ddc065d4278d64794977620d92449f) Importer(2089858483,192608db42251d675da83286b1cce702)
Start importing Assets/Zeno Variant.prefab using Guid(24ddc065d4278d64794977620d92449f) Importer(2089858483,192608db42251d675da83286b1cce702) (ScriptedImporter) -> (artifact id: '94f31277c93cafe8845144fdf8957ed5') in 0.0248519 seconds
Number of updated asset objects reloaded before import = 0Number of asset objects unloaded after import = 162

========================================================================
Received Import Request.
  Time since last request: 0.000026 seconds.
  path: Assets/Zeno Variant 1.prefab
  artifactKey: Guid(1704036722ac3e74ba91ebb60694d3c0) Importer(2089858483,192608db42251d675da83286b1cce702)
Start importing Assets/Zeno Variant 1.prefab using Guid(1704036722ac3e74ba91ebb60694d3c0) Importer(2089858483,192608db42251d675da83286b1cce702) (ScriptedImporter) -> (artifact id: '39f4136bb405d80bc65582adabea6ea9') in 0.0255212 seconds
Number of updated asset objects reloaded before import = 0Number of asset objects unloaded after import = 272

========================================================================
Received Import Request.
  Time since last request: 0.000015 seconds.
  path: Assets/Scripts/TESTREPLAY/TESTREPLAY_SizeScene_adf54144-0e97-4709-a3e6-e1f556a3d1d3_2025-11-05.txt
  artifactKey: Guid(39e2e0e3a6736cc4ba3d690a44e56e14) Importer(2089858483,192608db42251d675da83286b1cce702)
Start importing Assets/Scripts/TESTREPLAY/TESTREPLAY_SizeScene_adf54144-0e97-4709-a3e6-e1f556a3d1d3_2025-11-05.txt using Guid(39e2e0e3a6736cc4ba3d690a44e56e14) Importer(2089858483,192608db42251d675da83286b1cce702) (ScriptedImporter) -> (artifact id: 'a2888437b5996952d1fa2f2dd512d941') in 0.0152371 seconds
Number of updated asset objects reloaded before import = 0Number of asset objects unloaded after import = 1

========================================================================
Received Import Request.
  Time since last request: 0.000014 seconds.
  path: Assets/Scripts/TESTREPLAY
  artifactKey: Guid(04069e72ff729f846a7ebeb712a70ebc) Importer(2089858483,192608db42251d675da83286b1cce702)
Start importing Assets/Scripts/TESTREPLAY using Guid(04069e72ff729f846a7ebeb712a70ebc) Importer(2089858483,192608db42251d675da83286b1cce702) (ScriptedImporter) -> (artifact id: '1d70a487df522220773abec269d36b36') in 0.0111196 seconds
Number of updated asset objects reloaded before import = 0Number of asset objects unloaded after import = 1

